{"total": {"lines":{"total":2384,"covered":1756,"skipped":0,"pct":73.65},"statements":{"total":2384,"covered":1756,"skipped":0,"pct":73.65},"functions":{"total":79,"covered":61,"skipped":0,"pct":77.21},"branches":{"total":224,"covered":172,"skipped":0,"pct":76.78},"branchesTrue":{"total":0,"covered":0,"skipped":0,"pct":100}}
,"/Users/c0d3f4ll/Documents/la-pince-monorepo/apps/la-pince-back/src/auth/auth.controller.ts": {"lines":{"total":90,"covered":0,"skipped":0,"pct":0},"functions":{"total":1,"covered":0,"skipped":0,"pct":0},"statements":{"total":90,"covered":0,"skipped":0,"pct":0},"branches":{"total":1,"covered":0,"skipped":0,"pct":0}}
,"/Users/c0d3f4ll/Documents/la-pince-monorepo/apps/la-pince-back/src/auth/auth.middleware.ts": {"lines":{"total":66,"covered":48,"skipped":0,"pct":72.72},"functions":{"total":2,"covered":2,"skipped":0,"pct":100},"statements":{"total":66,"covered":48,"skipped":0,"pct":72.72},"branches":{"total":12,"covered":9,"skipped":0,"pct":75}}
,"/Users/c0d3f4ll/Documents/la-pince-monorepo/apps/la-pince-back/src/auth/auth.service.ts": {"lines":{"total":392,"covered":173,"skipped":0,"pct":44.13},"functions":{"total":12,"covered":4,"skipped":0,"pct":33.33},"statements":{"total":392,"covered":173,"skipped":0,"pct":44.13},"branches":{"total":13,"covered":8,"skipped":0,"pct":61.53}}
,"/Users/c0d3f4ll/Documents/la-pince-monorepo/apps/la-pince-back/src/auth/constants.ts": {"lines":{"total":5,"covered":5,"skipped":0,"pct":100},"functions":{"total":0,"covered":0,"skipped":0,"pct":100},"statements":{"total":5,"covered":5,"skipped":0,"pct":100},"branches":{"total":0,"covered":0,"skipped":0,"pct":100}}
,"/Users/c0d3f4ll/Documents/la-pince-monorepo/apps/la-pince-back/src/budget/budget.controller.ts": {"lines":{"total":68,"covered":68,"skipped":0,"pct":100},"functions":{"total":6,"covered":6,"skipped":0,"pct":100},"statements":{"total":68,"covered":68,"skipped":0,"pct":100},"branches":{"total":6,"covered":6,"skipped":0,"pct":100}}
,"/Users/c0d3f4ll/Documents/la-pince-monorepo/apps/la-pince-back/src/budget/budget.service.ts": {"lines":{"total":367,"covered":334,"skipped":0,"pct":91},"functions":{"total":9,"covered":9,"skipped":0,"pct":100},"statements":{"total":367,"covered":334,"skipped":0,"pct":91},"branches":{"total":67,"covered":50,"skipped":0,"pct":74.62}}
,"/Users/c0d3f4ll/Documents/la-pince-monorepo/apps/la-pince-back/src/mail/mail.service.ts": {"lines":{"total":45,"covered":12,"skipped":0,"pct":26.66},"functions":{"total":2,"covered":1,"skipped":0,"pct":50},"statements":{"total":45,"covered":12,"skipped":0,"pct":26.66},"branches":{"total":1,"covered":1,"skipped":0,"pct":100}}
,"/Users/c0d3f4ll/Documents/la-pince-monorepo/apps/la-pince-back/src/transactions/transactions.controller.ts": {"lines":{"total":90,"covered":59,"skipped":0,"pct":65.55},"functions":{"total":7,"covered":1,"skipped":0,"pct":14.28},"statements":{"total":90,"covered":59,"skipped":0,"pct":65.55},"branches":{"total":1,"covered":1,"skipped":0,"pct":100}}
,"/Users/c0d3f4ll/Documents/la-pince-monorepo/apps/la-pince-back/src/transactions/transactions.service.ts": {"lines":{"total":402,"covered":379,"skipped":0,"pct":94.27},"functions":{"total":10,"covered":10,"skipped":0,"pct":100},"statements":{"total":402,"covered":379,"skipped":0,"pct":94.27},"branches":{"total":44,"covered":31,"skipped":0,"pct":70.45}}
,"/Users/c0d3f4ll/Documents/la-pince-monorepo/apps/la-pince-back/src/transactions/services/recurring-transaction.helper.ts": {"lines":{"total":268,"covered":199,"skipped":0,"pct":74.25},"functions":{"total":7,"covered":5,"skipped":0,"pct":71.42},"statements":{"total":268,"covered":199,"skipped":0,"pct":74.25},"branches":{"total":13,"covered":12,"skipped":0,"pct":92.3}}
,"/Users/c0d3f4ll/Documents/la-pince-monorepo/apps/la-pince-back/src/transactions/services/transaction-finder.service.ts": {"lines":{"total":148,"covered":148,"skipped":0,"pct":100},"functions":{"total":5,"covered":5,"skipped":0,"pct":100},"statements":{"total":148,"covered":148,"skipped":0,"pct":100},"branches":{"total":14,"covered":11,"skipped":0,"pct":78.57}}
,"/Users/c0d3f4ll/Documents/la-pince-monorepo/apps/la-pince-back/src/transactions/services/transaction-update.service.ts": {"lines":{"total":255,"covered":143,"skipped":0,"pct":56.07},"functions":{"total":4,"covered":4,"skipped":0,"pct":100},"statements":{"total":255,"covered":143,"skipped":0,"pct":56.07},"branches":{"total":28,"covered":20,"skipped":0,"pct":71.42}}
,"/Users/c0d3f4ll/Documents/la-pince-monorepo/apps/la-pince-back/src/user-account/user-account.controller.ts": {"lines":{"total":66,"covered":66,"skipped":0,"pct":100},"functions":{"total":6,"covered":6,"skipped":0,"pct":100},"statements":{"total":66,"covered":66,"skipped":0,"pct":100},"branches":{"total":6,"covered":6,"skipped":0,"pct":100}}
,"/Users/c0d3f4ll/Documents/la-pince-monorepo/apps/la-pince-back/src/user-account/user-account.service.ts": {"lines":{"total":122,"covered":122,"skipped":0,"pct":100},"functions":{"total":8,"covered":8,"skipped":0,"pct":100},"statements":{"total":122,"covered":122,"skipped":0,"pct":100},"branches":{"total":18,"covered":17,"skipped":0,"pct":94.44}}
}
