TN:
SF:src/auth/auth.controller.ts
FN:1,(empty-report)
FNF:1
FNH:0
FNDA:0,(empty-report)
DA:1,0
DA:2,0
DA:3,0
DA:4,0
DA:5,0
DA:6,0
DA:7,0
DA:8,0
DA:9,0
DA:10,0
DA:11,0
DA:12,0
DA:13,0
DA:14,0
DA:15,0
DA:16,0
DA:17,0
DA:18,0
DA:19,0
DA:20,0
DA:21,0
DA:22,0
DA:23,0
DA:24,0
DA:25,0
DA:26,0
DA:27,0
DA:28,0
DA:29,0
DA:30,0
DA:31,0
DA:32,0
DA:33,0
DA:34,0
DA:35,0
DA:36,0
DA:37,0
DA:38,0
DA:39,0
DA:40,0
DA:41,0
DA:42,0
DA:43,0
DA:44,0
DA:45,0
DA:46,0
DA:47,0
DA:48,0
DA:49,0
DA:50,0
DA:51,0
DA:52,0
DA:53,0
DA:54,0
DA:55,0
DA:56,0
DA:57,0
DA:58,0
DA:59,0
DA:60,0
DA:61,0
DA:62,0
DA:63,0
DA:64,0
DA:65,0
DA:66,0
DA:67,0
DA:68,0
DA:69,0
DA:70,0
DA:71,0
DA:72,0
DA:73,0
DA:74,0
DA:75,0
DA:76,0
DA:77,0
DA:78,0
DA:79,0
DA:80,0
DA:81,0
DA:82,0
DA:83,0
DA:84,0
DA:85,0
DA:86,0
DA:87,0
DA:88,0
DA:89,0
DA:90,0
LF:90
LH:0
BRDA:1,0,0,0
BRF:1
BRH:0
end_of_record
TN:
SF:src/auth/auth.middleware.ts
FN:9,AuthMiddleware
FN:16,use
FNF:2
FNH:2
FNDA:5,AuthMiddleware
FNDA:4,use
DA:1,1
DA:2,1
DA:3,1
DA:4,1
DA:5,1
DA:6,1
DA:7,1
DA:8,1
DA:9,1
DA:10,5
DA:11,5
DA:12,5
DA:13,5
DA:14,5
DA:15,1
DA:16,1
DA:17,4
DA:18,4
DA:19,4
DA:20,4
DA:21,2
DA:22,2
DA:23,2
DA:24,2
DA:25,2
DA:26,2
DA:27,2
DA:28,2
DA:29,2
DA:30,2
DA:31,2
DA:32,2
DA:33,2
DA:34,1
DA:35,4
DA:36,1
DA:37,1
DA:38,1
DA:39,1
DA:40,1
DA:41,0
DA:42,0
DA:43,0
DA:44,0
DA:45,0
DA:46,0
DA:47,0
DA:48,0
DA:49,0
DA:50,0
DA:51,0
DA:52,0
DA:53,0
DA:54,0
DA:55,0
DA:56,4
DA:57,4
DA:58,4
DA:59,2
DA:60,2
DA:61,2
DA:62,2
DA:63,0
DA:64,0
DA:65,0
DA:66,1
LF:66
LH:48
BRDA:9,0,0,5
BRDA:16,1,0,4
BRDA:18,2,0,3
BRDA:18,3,0,1
BRDA:20,4,0,2
BRDA:20,5,0,2
BRDA:34,6,0,1
BRDA:35,7,0,0
BRDA:35,8,0,1
BRDA:41,9,0,0
BRDA:58,10,0,2
BRDA:63,11,0,0
BRF:12
BRH:9
end_of_record
TN:
SF:src/auth/auth.service.ts
FN:25,AuthService
FN:41,signUp
FN:77,login
FN:100,googleAuth
FN:145,createToken
FN:177,createRefreshToken
FN:212,refreshAccessToken
FN:274,logout
FN:293,removeRevokedSessions
FN:308,handleCron
FN:321,forgotPassword
FN:358,resetPassword
FNF:12
FNH:4
FNDA:7,AuthService
FNDA:2,signUp
FNDA:3,login
FNDA:0,googleAuth
FNDA:0,createToken
FNDA:0,createRefreshToken
FNDA:1,refreshAccessToken
FNDA:0,logout
FNDA:0,removeRevokedSessions
FNDA:0,handleCron
FNDA:0,forgotPassword
FNDA:0,resetPassword
DA:1,1
DA:2,1
DA:3,1
DA:4,1
DA:5,1
DA:6,1
DA:7,1
DA:8,1
DA:9,1
DA:10,1
DA:11,1
DA:12,1
DA:13,1
DA:14,1
DA:15,1
DA:16,1
DA:17,1
DA:18,1
DA:19,1
DA:20,1
DA:21,1
DA:22,1
DA:23,1
DA:24,1
DA:25,1
DA:26,7
DA:27,7
DA:28,7
DA:29,7
DA:30,7
DA:31,7
DA:32,1
DA:33,1
DA:34,1
DA:35,1
DA:36,1
DA:37,1
DA:38,1
DA:39,1
DA:40,1
DA:41,1
DA:42,2
DA:43,2
DA:44,2
DA:45,2
DA:46,2
DA:47,2
DA:48,2
DA:49,2
DA:50,2
DA:51,2
DA:52,1
DA:53,1
DA:54,1
DA:55,1
DA:56,1
DA:57,1
DA:58,1
DA:59,1
DA:60,1
DA:61,1
DA:62,1
DA:63,1
DA:64,2
DA:65,2
DA:66,2
DA:67,2
DA:68,2
DA:69,1
DA:70,1
DA:71,1
DA:72,1
DA:73,1
DA:74,1
DA:75,1
DA:76,1
DA:77,1
DA:78,3
DA:79,3
DA:80,3
DA:81,1
DA:82,1
DA:83,2
DA:84,2
DA:85,2
DA:86,2
DA:87,3
DA:88,1
DA:89,1
DA:90,1
DA:91,1
DA:92,1
DA:93,1
DA:94,1
DA:95,1
DA:96,1
DA:97,1
DA:98,1
DA:99,1
DA:100,1
DA:101,0
DA:102,0
DA:103,0
DA:104,0
DA:105,0
DA:106,0
DA:107,0
DA:108,0
DA:109,0
DA:110,0
DA:111,0
DA:112,0
DA:113,0
DA:114,0
DA:115,0
DA:116,0
DA:117,0
DA:118,0
DA:119,0
DA:120,0
DA:121,0
DA:122,0
DA:123,0
DA:124,0
DA:125,0
DA:126,0
DA:127,0
DA:128,0
DA:129,0
DA:130,0
DA:131,0
DA:132,0
DA:133,0
DA:134,0
DA:135,0
DA:136,0
DA:137,0
DA:138,0
DA:139,1
DA:140,1
DA:141,1
DA:142,1
DA:143,1
DA:144,1
DA:145,1
DA:146,0
DA:147,0
DA:148,0
DA:149,0
DA:150,0
DA:151,0
DA:152,0
DA:153,0
DA:154,0
DA:155,0
DA:156,0
DA:157,0
DA:158,0
DA:159,0
DA:160,0
DA:161,0
DA:162,0
DA:163,0
DA:164,0
DA:165,0
DA:166,0
DA:167,0
DA:168,0
DA:169,0
DA:170,0
DA:171,1
DA:172,1
DA:173,1
DA:174,1
DA:175,1
DA:176,1
DA:177,1
DA:178,0
DA:179,0
DA:180,0
DA:181,0
DA:182,0
DA:183,0
DA:184,0
DA:185,0
DA:186,0
DA:187,0
DA:188,0
DA:189,0
DA:190,0
DA:191,0
DA:192,0
DA:193,0
DA:194,0
DA:195,0
DA:196,0
DA:197,0
DA:198,0
DA:199,0
DA:200,0
DA:201,0
DA:202,0
DA:203,0
DA:204,0
DA:205,1
DA:206,1
DA:207,1
DA:208,1
DA:209,1
DA:210,1
DA:211,1
DA:212,1
DA:213,1
DA:214,1
DA:215,1
DA:216,1
DA:217,1
DA:218,1
DA:219,1
DA:220,1
DA:221,0
DA:222,1
DA:223,0
DA:224,0
DA:225,0
DA:226,0
DA:227,0
DA:228,0
DA:229,0
DA:230,0
DA:231,0
DA:232,0
DA:233,0
DA:234,0
DA:235,0
DA:236,0
DA:237,0
DA:238,0
DA:239,0
DA:240,0
DA:241,0
DA:242,0
DA:243,0
DA:244,0
DA:245,0
DA:246,0
DA:247,0
DA:248,0
DA:249,0
DA:250,0
DA:251,0
DA:252,0
DA:253,0
DA:254,0
DA:255,0
DA:256,0
DA:257,0
DA:258,0
DA:259,0
DA:260,0
DA:261,0
DA:262,0
DA:263,1
DA:264,1
DA:265,1
DA:266,1
DA:267,1
DA:268,1
DA:269,1
DA:270,1
DA:271,1
DA:272,1
DA:273,1
DA:274,1
DA:275,0
DA:276,0
DA:277,0
DA:278,0
DA:279,0
DA:280,0
DA:281,0
DA:282,0
DA:283,0
DA:284,0
DA:285,0
DA:286,0
DA:287,0
DA:288,1
DA:289,1
DA:290,1
DA:291,1
DA:292,1
DA:293,1
DA:294,0
DA:295,0
DA:296,0
DA:297,0
DA:298,0
DA:299,0
DA:300,0
DA:301,0
DA:302,1
DA:303,1
DA:304,1
DA:305,1
DA:306,1
DA:307,1
DA:308,1
DA:309,0
DA:310,0
DA:311,0
DA:312,0
DA:313,0
DA:314,0
DA:315,1
DA:316,1
DA:317,1
DA:318,1
DA:319,1
DA:320,1
DA:321,1
DA:322,0
DA:323,0
DA:324,0
DA:325,0
DA:326,0
DA:327,0
DA:328,0
DA:329,0
DA:330,0
DA:331,0
DA:332,0
DA:333,0
DA:334,0
DA:335,0
DA:336,0
DA:337,0
DA:338,0
DA:339,0
DA:340,0
DA:341,0
DA:342,0
DA:343,0
DA:344,0
DA:345,0
DA:346,0
DA:347,0
DA:348,0
DA:349,0
DA:350,1
DA:351,1
DA:352,1
DA:353,1
DA:354,1
DA:355,1
DA:356,1
DA:357,1
DA:358,1
DA:359,0
DA:360,0
DA:361,0
DA:362,0
DA:363,0
DA:364,0
DA:365,0
DA:366,0
DA:367,0
DA:368,0
DA:369,0
DA:370,0
DA:371,0
DA:372,0
DA:373,0
DA:374,0
DA:375,0
DA:376,0
DA:377,0
DA:378,0
DA:379,0
DA:380,0
DA:381,0
DA:382,0
DA:383,0
DA:384,0
DA:385,0
DA:386,0
DA:387,0
DA:388,0
DA:389,0
DA:390,0
DA:391,0
DA:392,1
LF:392
LH:173
BRDA:20,0,0,0
BRDA:25,1,0,7
BRDA:41,2,0,2
BRDA:48,3,0,0
BRDA:51,4,0,1
BRDA:77,5,0,3
BRDA:80,6,0,1
BRDA:83,7,0,2
BRDA:87,8,0,1
BRDA:212,9,0,1
BRDA:221,10,0,0
BRDA:222,11,0,0
BRDA:222,12,0,0
BRF:13
BRH:8
end_of_record
TN:
SF:src/auth/constants.ts
FNF:0
FNH:0
DA:1,1
DA:2,1
DA:3,1
DA:4,1
DA:5,1
LF:5
LH:5
BRF:0
BRH:0
end_of_record
TN:
SF:src/budget/budget.controller.ts
FN:10,BudgetController
FN:18,create
FN:30,findAll
FN:40,findOne
FN:51,update
FN:65,remove
FNF:6
FNH:6
FNDA:6,BudgetController
FNDA:1,create
FNDA:1,findAll
FNDA:1,findOne
FNDA:1,update
FNDA:1,remove
DA:1,1
DA:2,1
DA:3,1
DA:4,1
DA:5,1
DA:6,1
DA:7,1
DA:8,1
DA:9,1
DA:10,1
DA:11,1
DA:12,1
DA:13,1
DA:14,1
DA:15,1
DA:16,1
DA:17,1
DA:18,1
DA:19,1
DA:20,1
DA:21,1
DA:22,1
DA:23,1
DA:24,1
DA:25,1
DA:26,1
DA:27,1
DA:28,1
DA:29,1
DA:30,1
DA:31,1
DA:32,1
DA:33,1
DA:34,1
DA:35,1
DA:36,1
DA:37,1
DA:38,1
DA:39,1
DA:40,1
DA:41,1
DA:42,1
DA:43,1
DA:44,1
DA:45,1
DA:46,1
DA:47,1
DA:48,1
DA:49,1
DA:50,1
DA:51,1
DA:52,1
DA:53,1
DA:54,1
DA:55,1
DA:56,1
DA:57,1
DA:58,1
DA:59,1
DA:60,1
DA:61,1
DA:62,1
DA:63,1
DA:64,1
DA:65,1
DA:66,1
DA:67,1
DA:68,1
LF:68
LH:68
BRDA:10,0,0,6
BRDA:18,1,0,1
BRDA:30,2,0,1
BRDA:40,3,0,1
BRDA:51,4,0,1
BRDA:65,5,0,1
BRF:6
BRH:6
end_of_record
TN:
SF:src/budget/budget.service.ts
FN:23,BudgetService
FN:41,create
FN:96,findAllByUserId
FN:108,findOne
FN:129,findOneByCategoryId
FN:151,update
FN:216,updateActualAmount
FN:309,resetActualAmount
FN:356,remove
FNF:9
FNH:9
FNDA:25,BudgetService
FNDA:4,create
FNDA:2,findAllByUserId
FNDA:3,findOne
FNDA:3,findOneByCategoryId
FNDA:2,update
FNDA:6,updateActualAmount
FNDA:3,resetActualAmount
FNDA:1,remove
DA:1,1
DA:2,1
DA:3,1
DA:4,1
DA:5,1
DA:6,1
DA:7,1
DA:8,1
DA:9,1
DA:10,1
DA:11,1
DA:12,1
DA:13,1
DA:14,1
DA:15,1
DA:16,1
DA:17,1
DA:18,1
DA:19,1
DA:20,1
DA:21,1
DA:22,1
DA:23,1
DA:24,25
DA:25,25
DA:26,25
DA:27,25
DA:28,25
DA:29,25
DA:30,25
DA:31,1
DA:32,1
DA:33,1
DA:34,1
DA:35,1
DA:36,1
DA:37,1
DA:38,1
DA:39,1
DA:40,1
DA:41,1
DA:42,4
DA:43,4
DA:44,4
DA:45,1
DA:46,1
DA:47,3
DA:48,3
DA:49,3
DA:50,4
DA:51,1
DA:52,1
DA:53,2
DA:54,2
DA:55,4
DA:56,4
DA:57,4
DA:58,4
DA:59,4
DA:60,4
DA:61,4
DA:62,4
DA:63,4
DA:64,0
DA:65,0
DA:66,2
DA:67,2
DA:68,2
DA:69,2
DA:70,4
DA:71,2
DA:72,2
DA:73,2
DA:74,2
DA:75,2
DA:76,2
DA:77,2
DA:78,4
DA:79,4
DA:80,4
DA:81,2
DA:82,2
DA:83,4
DA:84,1
DA:85,1
DA:86,2
DA:87,2
DA:88,2
DA:89,1
DA:90,1
DA:91,1
DA:92,1
DA:93,1
DA:94,1
DA:95,1
DA:96,1
DA:97,2
DA:98,2
DA:99,1
DA:100,1
DA:101,1
DA:102,1
DA:103,1
DA:104,1
DA:105,1
DA:106,1
DA:107,1
DA:108,1
DA:109,3
DA:110,3
DA:111,3
DA:112,3
DA:113,3
DA:114,3
DA:115,2
DA:116,2
DA:117,1
DA:118,1
DA:119,1
DA:120,1
DA:121,1
DA:122,1
DA:123,1
DA:124,1
DA:125,1
DA:126,1
DA:127,1
DA:128,1
DA:129,1
DA:130,3
DA:131,3
DA:132,3
DA:133,3
DA:134,3
DA:135,3
DA:136,2
DA:137,3
DA:138,1
DA:139,1
DA:140,3
DA:141,1
DA:142,1
DA:143,1
DA:144,1
DA:145,1
DA:146,1
DA:147,1
DA:148,1
DA:149,1
DA:150,1
DA:151,1
DA:152,2
DA:153,2
DA:154,0
DA:155,0
DA:156,1
DA:157,2
DA:158,2
DA:159,2
DA:160,2
DA:161,2
DA:162,2
DA:163,0
DA:164,0
DA:165,0
DA:166,0
DA:167,0
DA:168,0
DA:169,0
DA:170,0
DA:171,0
DA:172,0
DA:173,0
DA:174,0
DA:175,0
DA:176,1
DA:177,1
DA:178,1
DA:179,1
DA:180,1
DA:181,1
DA:182,1
DA:183,1
DA:184,1
DA:185,1
DA:186,1
DA:187,1
DA:188,1
DA:189,1
DA:190,1
DA:191,1
DA:192,1
DA:193,0
DA:194,0
DA:195,1
DA:196,0
DA:197,0
DA:198,0
DA:199,1
DA:200,1
DA:201,1
DA:202,1
DA:203,1
DA:204,1
DA:205,1
DA:206,1
DA:207,1
DA:208,1
DA:209,1
DA:210,1
DA:211,1
DA:212,1
DA:213,1
DA:214,1
DA:215,1
DA:216,1
DA:217,6
DA:218,6
DA:219,6
DA:220,6
DA:221,6
DA:222,6
DA:223,6
DA:224,6
DA:225,6
DA:226,1
DA:227,1
DA:228,5
DA:229,5
DA:230,6
DA:231,1
DA:232,1
DA:233,0
DA:234,0
DA:235,6
DA:236,4
DA:237,4
DA:238,5
DA:239,5
DA:240,5
DA:241,5
DA:242,5
DA:243,5
DA:244,5
DA:245,5
DA:246,5
DA:247,6
DA:248,1
DA:249,1
DA:250,4
DA:251,4
DA:252,6
DA:253,0
DA:254,0
DA:255,0
DA:256,0
DA:257,0
DA:258,0
DA:259,0
DA:260,0
DA:261,6
DA:262,4
DA:263,4
DA:264,4
DA:265,4
DA:266,4
DA:267,4
DA:268,4
DA:269,4
DA:270,4
DA:271,4
DA:272,6
DA:273,0
DA:274,6
DA:275,4
DA:276,4
DA:277,4
DA:278,2
DA:279,2
DA:280,2
DA:281,2
DA:282,1
DA:283,1
DA:284,1
DA:285,1
DA:286,1
DA:287,1
DA:288,1
DA:289,1
DA:290,1
DA:291,1
DA:292,1
DA:293,1
DA:294,1
DA:295,1
DA:296,2
DA:297,4
DA:298,4
DA:299,4
DA:300,6
DA:301,1
DA:302,1
DA:303,1
DA:304,1
DA:305,1
DA:306,1
DA:307,1
DA:308,1
DA:309,1
DA:310,3
DA:311,3
DA:312,3
DA:313,3
DA:314,3
DA:315,3
DA:316,1
DA:317,1
DA:318,2
DA:319,2
DA:320,2
DA:321,2
DA:322,2
DA:323,2
DA:324,2
DA:325,2
DA:326,2
DA:327,2
DA:328,2
DA:329,2
DA:330,3
DA:331,1
DA:332,1
DA:333,1
DA:334,1
DA:335,1
DA:336,1
DA:337,1
DA:338,1
DA:339,1
DA:340,1
DA:341,2
DA:342,3
DA:343,1
DA:344,1
DA:345,1
DA:346,1
DA:347,3
DA:348,1
DA:349,1
DA:350,1
DA:351,1
DA:352,1
DA:353,1
DA:354,1
DA:355,1
DA:356,1
DA:357,1
DA:358,1
DA:359,1
DA:360,1
DA:361,1
DA:362,1
DA:363,1
DA:364,1
DA:365,1
DA:366,1
DA:367,1
LF:367
LH:334
BRDA:23,0,0,25
BRDA:41,1,0,4
BRDA:44,2,0,1
BRDA:47,3,0,3
BRDA:50,4,0,1
BRDA:53,5,0,2
BRDA:55,6,0,0
BRDA:55,7,0,2
BRDA:60,8,0,1
BRDA:63,9,0,2
BRDA:63,10,0,0
BRDA:66,11,0,2
BRDA:78,12,0,0
BRDA:80,13,0,2
BRDA:83,14,0,1
BRDA:86,15,0,2
BRDA:69,16,0,4
BRDA:70,17,0,2
BRDA:70,18,0,2
BRDA:96,19,0,2
BRDA:108,20,0,3
BRDA:114,21,0,2
BRDA:117,22,0,1
BRDA:129,23,0,3
BRDA:135,24,0,2
BRDA:137,25,0,1
BRDA:151,26,0,2
BRDA:153,27,0,1
BRDA:153,28,0,0
BRDA:156,29,0,1
BRDA:157,30,0,0
BRDA:157,31,0,1
BRDA:162,32,0,0
BRDA:176,33,0,1
BRDA:177,34,0,1
BRDA:183,35,0,0
BRDA:184,36,0,0
BRDA:192,37,0,0
BRDA:195,38,0,0
BRDA:195,39,0,0
BRDA:216,40,0,6
BRDA:225,41,0,1
BRDA:228,42,0,5
BRDA:230,43,0,1
BRDA:232,44,0,0
BRDA:235,45,0,4
BRDA:238,46,0,5
BRDA:247,47,0,1
BRDA:250,48,0,4
BRDA:252,49,0,0
BRDA:261,50,0,4
BRDA:272,51,0,0
BRDA:274,52,0,4
BRDA:277,53,0,2
BRDA:281,54,0,1
BRDA:284,55,0,0
BRDA:292,56,0,0
BRDA:309,57,0,3
BRDA:315,58,0,1
BRDA:318,59,0,2
BRDA:330,60,0,1
BRDA:337,61,0,0
BRDA:341,62,0,2
BRDA:342,63,0,1
BRDA:356,64,0,1
BRDA:357,65,0,1
BRDA:361,66,0,1
BRF:67
BRH:50
end_of_record
TN:
SF:src/mail/mail.service.ts
FN:8,MailService
FN:10,sendEmail
FNF:2
FNH:1
FNDA:1,MailService
FNDA:0,sendEmail
DA:1,1
DA:2,1
DA:3,1
DA:4,1
DA:5,1
DA:6,1
DA:7,1
DA:8,1
DA:9,1
DA:10,1
DA:11,0
DA:12,0
DA:13,0
DA:14,0
DA:15,0
DA:16,0
DA:17,0
DA:18,0
DA:19,0
DA:20,0
DA:21,0
DA:22,0
DA:23,0
DA:24,0
DA:25,0
DA:26,0
DA:27,0
DA:28,0
DA:29,0
DA:30,0
DA:31,0
DA:32,0
DA:33,0
DA:34,0
DA:35,0
DA:36,0
DA:37,0
DA:38,0
DA:39,0
DA:40,0
DA:41,0
DA:42,0
DA:43,0
DA:44,1
DA:45,1
LF:45
LH:12
BRDA:8,0,0,1
BRF:1
BRH:1
end_of_record
TN:
SF:src/transactions/transactions.controller.ts
FN:10,TransactionsController
FN:18,create
FN:30,findAll
FN:44,findOne
FN:56,update
FN:71,remove
FN:84,stopRecurringTransaction
FNF:7
FNH:1
FNDA:1,TransactionsController
FNDA:0,create
FNDA:0,findAll
FNDA:0,findOne
FNDA:0,update
FNDA:0,remove
FNDA:0,stopRecurringTransaction
DA:1,1
DA:2,1
DA:3,1
DA:4,1
DA:5,1
DA:6,1
DA:7,1
DA:8,1
DA:9,1
DA:10,1
DA:11,1
DA:12,1
DA:13,1
DA:14,1
DA:15,1
DA:16,1
DA:17,1
DA:18,1
DA:19,0
DA:20,0
DA:21,0
DA:22,0
DA:23,0
DA:24,1
DA:25,1
DA:26,1
DA:27,1
DA:28,1
DA:29,1
DA:30,1
DA:31,0
DA:32,0
DA:33,0
DA:34,0
DA:35,0
DA:36,0
DA:37,1
DA:38,1
DA:39,1
DA:40,1
DA:41,1
DA:42,1
DA:43,1
DA:44,1
DA:45,0
DA:46,0
DA:47,1
DA:48,1
DA:49,1
DA:50,1
DA:51,1
DA:52,1
DA:53,1
DA:54,1
DA:55,1
DA:56,1
DA:57,0
DA:58,0
DA:59,0
DA:60,0
DA:61,0
DA:62,0
DA:63,0
DA:64,1
DA:65,1
DA:66,1
DA:67,1
DA:68,1
DA:69,1
DA:70,1
DA:71,1
DA:72,0
DA:73,0
DA:74,0
DA:75,0
DA:76,0
DA:77,0
DA:78,1
DA:79,1
DA:80,1
DA:81,1
DA:82,1
DA:83,1
DA:84,1
DA:85,0
DA:86,0
DA:87,0
DA:88,0
DA:89,0
DA:90,1
LF:90
LH:59
BRDA:10,0,0,1
BRF:1
BRH:1
end_of_record
TN:
SF:src/transactions/transactions.service.ts
FN:23,TransactionsService
FN:41,getUserAccount
FN:64,create
FN:136,createChildTransactions
FN:196,findAll
FN:203,findAllByCategoryId
FN:210,findOne
FN:223,update
FN:299,remove
FN:372,stopRecurringTransaction
FNF:10
FNH:10
FNDA:15,TransactionsService
FNDA:8,getUserAccount
FNDA:2,create
FNDA:1,createChildTransactions
FNDA:1,findAll
FNDA:1,findAllByCategoryId
FNDA:10,findOne
FNDA:2,update
FNDA:2,remove
FNDA:3,stopRecurringTransaction
DA:1,1
DA:2,1
DA:3,1
DA:4,1
DA:5,1
DA:6,1
DA:7,1
DA:8,1
DA:9,1
DA:10,1
DA:11,1
DA:12,1
DA:13,1
DA:14,1
DA:15,1
DA:16,1
DA:17,1
DA:18,1
DA:19,1
DA:20,1
DA:21,1
DA:22,1
DA:23,1
DA:24,15
DA:25,15
DA:26,15
DA:27,15
DA:28,15
DA:29,15
DA:30,15
DA:31,15
DA:32,15
DA:33,15
DA:34,1
DA:35,1
DA:36,1
DA:37,1
DA:38,1
DA:39,1
DA:40,1
DA:41,1
DA:42,8
DA:43,8
DA:44,1
DA:45,1
DA:46,7
DA:47,7
DA:48,1
DA:49,1
DA:50,1
DA:51,1
DA:52,1
DA:53,1
DA:54,1
DA:55,1
DA:56,1
DA:57,1
DA:58,1
DA:59,1
DA:60,1
DA:61,1
DA:62,1
DA:63,1
DA:64,1
DA:65,2
DA:66,2
DA:67,2
DA:68,2
DA:69,2
DA:70,2
DA:71,2
DA:72,2
DA:73,2
DA:74,2
DA:75,2
DA:76,2
DA:77,2
DA:78,2
DA:79,2
DA:80,2
DA:81,2
DA:82,2
DA:83,2
DA:84,2
DA:85,2
DA:86,2
DA:87,2
DA:88,2
DA:89,2
DA:90,2
DA:91,2
DA:92,2
DA:93,2
DA:94,2
DA:95,2
DA:96,2
DA:97,2
DA:98,2
DA:99,2
DA:100,2
DA:101,1
DA:102,1
DA:103,1
DA:104,1
DA:105,1
DA:106,1
DA:107,1
DA:108,1
DA:109,1
DA:110,1
DA:111,1
DA:112,1
DA:113,1
DA:114,1
DA:115,1
DA:116,1
DA:117,1
DA:118,1
DA:119,1
DA:120,2
DA:121,2
DA:122,2
DA:123,2
DA:124,2
DA:125,2
DA:126,2
DA:127,2
DA:128,1
DA:129,1
DA:130,1
DA:131,1
DA:132,1
DA:133,1
DA:134,1
DA:135,1
DA:136,1
DA:137,1
DA:138,1
DA:139,1
DA:140,1
DA:141,1
DA:142,1
DA:143,1
DA:144,1
DA:145,1
DA:146,1
DA:147,1
DA:148,1
DA:149,1
DA:150,1
DA:151,1
DA:152,1
DA:153,1
DA:154,1
DA:155,1
DA:156,1
DA:157,1
DA:158,1
DA:159,1
DA:160,1
DA:161,1
DA:162,1
DA:163,1
DA:164,1
DA:165,1
DA:166,1
DA:167,1
DA:168,1
DA:169,1
DA:170,1
DA:171,1
DA:172,1
DA:173,1
DA:174,1
DA:175,1
DA:176,1
DA:177,1
DA:178,1
DA:179,1
DA:180,1
DA:181,1
DA:182,1
DA:183,1
DA:184,1
DA:185,1
DA:186,1
DA:187,1
DA:188,1
DA:189,1
DA:190,1
DA:191,1
DA:192,1
DA:193,1
DA:194,1
DA:195,1
DA:196,1
DA:197,1
DA:198,1
DA:199,1
DA:200,1
DA:201,1
DA:202,1
DA:203,1
DA:204,1
DA:205,1
DA:206,1
DA:207,1
DA:208,1
DA:209,1
DA:210,1
DA:211,10
DA:212,10
DA:213,1
DA:214,1
DA:215,1
DA:216,1
DA:217,1
DA:218,1
DA:219,1
DA:220,1
DA:221,1
DA:222,1
DA:223,1
DA:224,2
DA:225,2
DA:226,2
DA:227,2
DA:228,2
DA:229,2
DA:230,2
DA:231,2
DA:232,2
DA:233,2
DA:234,2
DA:235,0
DA:236,0
DA:237,2
DA:238,2
DA:239,2
DA:240,2
DA:241,2
DA:242,2
DA:243,2
DA:244,2
DA:245,2
DA:246,2
DA:247,2
DA:248,2
DA:249,2
DA:250,2
DA:251,2
DA:252,2
DA:253,2
DA:254,2
DA:255,2
DA:256,2
DA:257,2
DA:258,2
DA:259,2
DA:260,2
DA:261,2
DA:262,2
DA:263,1
DA:264,1
DA:265,2
DA:266,2
DA:267,2
DA:268,1
DA:269,1
DA:270,1
DA:271,1
DA:272,1
DA:273,1
DA:274,1
DA:275,1
DA:276,2
DA:277,2
DA:278,2
DA:279,0
DA:280,0
DA:281,2
DA:282,2
DA:283,2
DA:284,1
DA:285,1
DA:286,1
DA:287,2
DA:288,2
DA:289,2
DA:290,2
DA:291,1
DA:292,1
DA:293,1
DA:294,1
DA:295,1
DA:296,1
DA:297,1
DA:298,1
DA:299,1
DA:300,2
DA:301,2
DA:302,2
DA:303,2
DA:304,2
DA:305,2
DA:306,2
DA:307,2
DA:308,2
DA:309,2
DA:310,2
DA:311,0
DA:312,0
DA:313,0
DA:314,0
DA:315,0
DA:316,0
DA:317,0
DA:318,0
DA:319,0
DA:320,0
DA:321,0
DA:322,2
DA:323,2
DA:324,2
DA:325,0
DA:326,0
DA:327,0
DA:328,0
DA:329,2
DA:330,2
DA:331,2
DA:332,2
DA:333,2
DA:334,2
DA:335,2
DA:336,2
DA:337,2
DA:338,2
DA:339,2
DA:340,2
DA:341,2
DA:342,2
DA:343,2
DA:344,2
DA:345,2
DA:346,2
DA:347,2
DA:348,2
DA:349,2
DA:350,2
DA:351,2
DA:352,2
DA:353,2
DA:354,2
DA:355,2
DA:356,2
DA:357,2
DA:358,2
DA:359,2
DA:360,2
DA:361,2
DA:362,2
DA:363,2
DA:364,2
DA:365,1
DA:366,1
DA:367,1
DA:368,1
DA:369,1
DA:370,1
DA:371,1
DA:372,1
DA:373,3
DA:374,3
DA:375,3
DA:376,3
DA:377,1
DA:378,1
DA:379,2
DA:380,2
DA:381,2
DA:382,2
DA:383,2
DA:384,2
DA:385,2
DA:386,1
DA:387,1
DA:388,0
DA:389,0
DA:390,1
DA:391,1
DA:392,0
DA:393,0
DA:394,1
DA:395,2
DA:396,2
DA:397,2
DA:398,2
DA:399,2
DA:400,2
DA:401,2
DA:402,1
LF:402
LH:379
BRDA:23,0,0,15
BRDA:41,1,0,8
BRDA:43,2,0,1
BRDA:46,3,0,7
BRDA:64,4,0,2
BRDA:68,5,0,2
BRDA:76,6,0,0
BRDA:77,7,0,0
BRDA:100,8,0,1
BRDA:136,9,0,1
BRDA:140,10,0,1
BRDA:184,11,0,0
BRDA:196,12,0,1
BRDA:203,13,0,1
BRDA:210,14,0,10
BRDA:223,15,0,2
BRDA:234,16,0,0
BRDA:241,17,0,2
BRDA:246,18,0,1
BRDA:248,19,0,1
BRDA:250,20,0,0
BRDA:252,21,0,1
BRDA:253,22,0,1
BRDA:262,23,0,1
BRDA:262,24,0,1
BRDA:267,25,0,1
BRDA:278,26,0,0
BRDA:278,27,0,0
BRDA:283,28,0,1
BRDA:284,29,0,0
BRDA:299,30,0,2
BRDA:308,31,0,2
BRDA:310,32,0,0
BRDA:324,33,0,0
BRDA:324,34,0,0
BRDA:372,35,0,3
BRDA:376,36,0,1
BRDA:379,37,0,2
BRDA:380,38,0,2
BRDA:382,39,0,1
BRDA:385,40,0,1
BRDA:387,41,0,0
BRDA:391,42,0,0
BRDA:27,43,0,15
BRF:44
BRH:31
end_of_record
TN:
SF:src/transactions/services/recurring-transaction.helper.ts
FN:18,RecurringTransactionHelper
FN:30,getChildTransactionDescription
FN:44,processRecurringTransactions
FN:113,storeAndScheduleRecurringTransaction
FN:143,convertToRecurring
FN:176,stopRecurringTransactionLogic
FN:224,handleRecurringChildRemoval
FNF:7
FNH:5
FNDA:7,RecurringTransactionHelper
FNDA:4,getChildTransactionDescription
FNDA:1,processRecurringTransactions
FNDA:1,storeAndScheduleRecurringTransaction
FNDA:0,convertToRecurring
FNDA:2,stopRecurringTransactionLogic
FNDA:0,handleRecurringChildRemoval
DA:1,1
DA:2,1
DA:3,1
DA:4,1
DA:5,1
DA:6,1
DA:7,1
DA:8,1
DA:9,1
DA:10,1
DA:11,1
DA:12,1
DA:13,1
DA:14,1
DA:15,1
DA:16,1
DA:17,1
DA:18,1
DA:19,7
DA:20,7
DA:21,7
DA:22,7
DA:23,7
DA:24,1
DA:25,1
DA:26,1
DA:27,1
DA:28,1
DA:29,1
DA:30,1
DA:31,4
DA:32,3
DA:33,4
DA:34,4
DA:35,4
DA:36,1
DA:37,1
DA:38,1
DA:39,1
DA:40,1
DA:41,1
DA:42,1
DA:43,1
DA:44,1
DA:45,1
DA:46,1
DA:47,1
DA:48,1
DA:49,1
DA:50,1
DA:51,1
DA:52,1
DA:53,1
DA:54,1
DA:55,1
DA:56,1
DA:57,1
DA:58,1
DA:59,1
DA:60,1
DA:61,1
DA:62,1
DA:63,1
DA:64,1
DA:65,1
DA:66,1
DA:67,1
DA:68,1
DA:69,1
DA:70,1
DA:71,1
DA:72,1
DA:73,1
DA:74,1
DA:75,1
DA:76,1
DA:77,1
DA:78,1
DA:79,1
DA:80,1
DA:81,1
DA:82,1
DA:83,1
DA:84,1
DA:85,1
DA:86,1
DA:87,1
DA:88,1
DA:89,1
DA:90,1
DA:91,1
DA:92,1
DA:93,1
DA:94,1
DA:95,1
DA:96,1
DA:97,1
DA:98,1
DA:99,1
DA:100,1
DA:101,1
DA:102,1
DA:103,1
DA:104,1
DA:105,1
DA:106,1
DA:107,1
DA:108,1
DA:109,1
DA:110,1
DA:111,1
DA:112,1
DA:113,1
DA:114,1
DA:115,1
DA:116,1
DA:117,1
DA:118,1
DA:119,1
DA:120,1
DA:121,1
DA:122,1
DA:123,1
DA:124,1
DA:125,1
DA:126,1
DA:127,1
DA:128,1
DA:129,1
DA:130,1
DA:131,1
DA:132,1
DA:133,1
DA:134,1
DA:135,1
DA:136,1
DA:137,1
DA:138,1
DA:139,1
DA:140,1
DA:141,1
DA:142,1
DA:143,1
DA:144,0
DA:145,0
DA:146,0
DA:147,0
DA:148,0
DA:149,0
DA:150,0
DA:151,0
DA:152,0
DA:153,0
DA:154,0
DA:155,0
DA:156,0
DA:157,0
DA:158,0
DA:159,0
DA:160,0
DA:161,0
DA:162,0
DA:163,0
DA:164,0
DA:165,0
DA:166,0
DA:167,0
DA:168,0
DA:169,0
DA:170,1
DA:171,1
DA:172,1
DA:173,1
DA:174,1
DA:175,1
DA:176,1
DA:177,2
DA:178,2
DA:179,2
DA:180,2
DA:181,2
DA:182,2
DA:183,2
DA:184,2
DA:185,2
DA:186,2
DA:187,1
DA:188,1
DA:189,1
DA:190,1
DA:191,1
DA:192,1
DA:193,1
DA:194,1
DA:195,1
DA:196,1
DA:197,1
DA:198,1
DA:199,1
DA:200,1
DA:201,1
DA:202,1
DA:203,1
DA:204,1
DA:205,1
DA:206,1
DA:207,1
DA:208,1
DA:209,1
DA:210,1
DA:211,1
DA:212,1
DA:213,1
DA:214,1
DA:215,1
DA:216,1
DA:217,1
DA:218,1
DA:219,1
DA:220,1
DA:221,1
DA:222,1
DA:223,1
DA:224,1
DA:225,0
DA:226,0
DA:227,0
DA:228,0
DA:229,0
DA:230,0
DA:231,0
DA:232,0
DA:233,0
DA:234,0
DA:235,0
DA:236,0
DA:237,0
DA:238,0
DA:239,0
DA:240,0
DA:241,0
DA:242,0
DA:243,0
DA:244,0
DA:245,0
DA:246,0
DA:247,0
DA:248,0
DA:249,0
DA:250,0
DA:251,0
DA:252,0
DA:253,0
DA:254,0
DA:255,0
DA:256,0
DA:257,0
DA:258,0
DA:259,0
DA:260,0
DA:261,0
DA:262,0
DA:263,0
DA:264,0
DA:265,0
DA:266,0
DA:267,0
DA:268,1
LF:268
LH:199
BRDA:18,0,0,7
BRDA:30,1,0,4
BRDA:31,2,0,1
BRDA:32,3,0,3
BRDA:33,4,0,1
BRDA:34,5,0,2
BRDA:44,6,0,1
BRDA:54,7,0,0
BRDA:113,8,0,1
BRDA:176,9,0,2
BRDA:186,10,0,1
BRDA:184,11,0,2
BRDA:21,12,0,7
BRF:13
BRH:12
end_of_record
TN:
SF:src/transactions/services/transaction-finder.service.ts
FN:14,TransactionFinderService
FN:24,getUserAccount
FN:39,findAll
FN:93,findAllByCategoryId
FN:122,findOne
FNF:5
FNH:5
FNDA:7,TransactionFinderService
FNDA:7,getUserAccount
FNDA:1,findAll
FNDA:2,findAllByCategoryId
FNDA:2,findOne
DA:1,1
DA:2,1
DA:3,1
DA:4,1
DA:5,1
DA:6,1
DA:7,1
DA:8,1
DA:9,1
DA:10,1
DA:11,1
DA:12,1
DA:13,1
DA:14,1
DA:15,7
DA:16,7
DA:17,7
DA:18,1
DA:19,1
DA:20,1
DA:21,1
DA:22,1
DA:23,1
DA:24,1
DA:25,7
DA:26,7
DA:27,1
DA:28,1
DA:29,6
DA:30,6
DA:31,1
DA:32,1
DA:33,1
DA:34,1
DA:35,1
DA:36,1
DA:37,1
DA:38,1
DA:39,1
DA:40,1
DA:41,1
DA:42,1
DA:43,1
DA:44,1
DA:45,1
DA:46,1
DA:47,1
DA:48,1
DA:49,1
DA:50,1
DA:51,1
DA:52,1
DA:53,1
DA:54,1
DA:55,1
DA:56,1
DA:57,1
DA:58,1
DA:59,1
DA:60,1
DA:61,1
DA:62,1
DA:63,1
DA:64,1
DA:65,1
DA:66,1
DA:67,1
DA:68,1
DA:69,2
DA:70,2
DA:71,2
DA:72,1
DA:73,1
DA:74,1
DA:75,1
DA:76,1
DA:77,1
DA:78,1
DA:79,1
DA:80,1
DA:81,1
DA:82,1
DA:83,1
DA:84,1
DA:85,1
DA:86,1
DA:87,1
DA:88,1
DA:89,1
DA:90,1
DA:91,1
DA:92,1
DA:93,1
DA:94,2
DA:95,2
DA:96,2
DA:97,2
DA:98,2
DA:99,1
DA:100,1
DA:101,1
DA:102,2
DA:103,2
DA:104,1
DA:105,1
DA:106,2
DA:107,2
DA:108,2
DA:109,2
DA:110,2
DA:111,2
DA:112,2
DA:113,2
DA:114,1
DA:115,1
DA:116,1
DA:117,1
DA:118,1
DA:119,1
DA:120,1
DA:121,1
DA:122,1
DA:123,2
DA:124,2
DA:125,2
DA:126,2
DA:127,2
DA:128,2
DA:129,2
DA:130,2
DA:131,2
DA:132,2
DA:133,2
DA:134,2
DA:135,2
DA:136,2
DA:137,2
DA:138,2
DA:139,1
DA:140,1
DA:141,1
DA:142,1
DA:143,1
DA:144,2
DA:145,2
DA:146,2
DA:147,2
DA:148,1
LF:148
LH:148
BRDA:14,0,0,7
BRDA:24,1,0,7
BRDA:26,2,0,1
BRDA:29,3,0,6
BRDA:39,4,0,1
BRDA:82,5,0,0
BRDA:68,6,0,2
BRDA:70,7,0,0
BRDA:93,8,0,2
BRDA:98,9,0,1
BRDA:103,10,0,1
BRDA:122,11,0,2
BRDA:138,12,0,1
BRDA:144,13,0,0
BRF:14
BRH:11
end_of_record
TN:
SF:src/transactions/services/transaction-update.service.ts
FN:17,TransactionUpdateService
FN:27,validateChildTransactionUpdate
FN:66,handleAmountUpdate
FN:152,handleCategoryUpdate
FNF:4
FNH:4
FNDA:8,TransactionUpdateService
FNDA:4,validateChildTransactionUpdate
FNDA:2,handleAmountUpdate
FNDA:2,handleCategoryUpdate
DA:1,1
DA:2,1
DA:3,1
DA:4,1
DA:5,1
DA:6,1
DA:7,1
DA:8,1
DA:9,1
DA:10,1
DA:11,1
DA:12,1
DA:13,1
DA:14,1
DA:15,1
DA:16,1
DA:17,1
DA:18,8
DA:19,8
DA:20,8
DA:21,1
DA:22,1
DA:23,1
DA:24,1
DA:25,1
DA:26,1
DA:27,1
DA:28,4
DA:29,4
DA:30,4
DA:31,4
DA:32,4
DA:33,1
DA:34,1
DA:35,3
DA:36,3
DA:37,3
DA:38,4
DA:39,4
DA:40,1
DA:41,1
DA:42,1
DA:43,1
DA:44,1
DA:45,2
DA:46,2
DA:47,2
DA:48,4
DA:49,4
DA:50,1
DA:51,1
DA:52,1
DA:53,1
DA:54,1
DA:55,4
DA:56,1
DA:57,1
DA:58,1
DA:59,1
DA:60,1
DA:61,1
DA:62,1
DA:63,1
DA:64,1
DA:65,1
DA:66,1
DA:67,2
DA:68,2
DA:69,2
DA:70,2
DA:71,2
DA:72,2
DA:73,2
DA:74,2
DA:75,1
DA:76,1
DA:77,1
DA:78,1
DA:79,1
DA:80,2
DA:81,2
DA:82,2
DA:83,2
DA:84,0
DA:85,0
DA:86,0
DA:87,0
DA:88,0
DA:89,0
DA:90,0
DA:91,0
DA:92,0
DA:93,0
DA:94,0
DA:95,0
DA:96,0
DA:97,0
DA:98,0
DA:99,0
DA:100,0
DA:101,0
DA:102,0
DA:103,0
DA:104,0
DA:105,0
DA:106,0
DA:107,0
DA:108,0
DA:109,0
DA:110,0
DA:111,0
DA:112,0
DA:113,0
DA:114,0
DA:115,0
DA:116,0
DA:117,0
DA:118,0
DA:119,0
DA:120,0
DA:121,0
DA:122,0
DA:123,0
DA:124,0
DA:125,0
DA:126,0
DA:127,0
DA:128,0
DA:129,0
DA:130,2
DA:131,1
DA:132,1
DA:133,1
DA:134,1
DA:135,1
DA:136,1
DA:137,1
DA:138,1
DA:139,1
DA:140,1
DA:141,1
DA:142,1
DA:143,1
DA:144,1
DA:145,1
DA:146,1
DA:147,1
DA:148,1
DA:149,1
DA:150,1
DA:151,1
DA:152,1
DA:153,2
DA:154,2
DA:155,2
DA:156,2
DA:157,2
DA:158,2
DA:159,2
DA:160,1
DA:161,1
DA:162,1
DA:163,1
DA:164,2
DA:165,0
DA:166,0
DA:167,0
DA:168,0
DA:169,0
DA:170,0
DA:171,0
DA:172,0
DA:173,0
DA:174,0
DA:175,0
DA:176,0
DA:177,0
DA:178,0
DA:179,0
DA:180,0
DA:181,0
DA:182,0
DA:183,0
DA:184,0
DA:185,0
DA:186,0
DA:187,0
DA:188,0
DA:189,0
DA:190,0
DA:191,0
DA:192,0
DA:193,0
DA:194,0
DA:195,0
DA:196,0
DA:197,0
DA:198,0
DA:199,0
DA:200,0
DA:201,0
DA:202,0
DA:203,0
DA:204,0
DA:205,0
DA:206,0
DA:207,0
DA:208,0
DA:209,0
DA:210,0
DA:211,0
DA:212,0
DA:213,0
DA:214,0
DA:215,0
DA:216,0
DA:217,0
DA:218,0
DA:219,0
DA:220,0
DA:221,0
DA:222,0
DA:223,0
DA:224,0
DA:225,0
DA:226,0
DA:227,0
DA:228,0
DA:229,0
DA:230,0
DA:231,2
DA:232,1
DA:233,1
DA:234,1
DA:235,1
DA:236,1
DA:237,1
DA:238,1
DA:239,1
DA:240,1
DA:241,1
DA:242,1
DA:243,1
DA:244,1
DA:245,1
DA:246,1
DA:247,1
DA:248,1
DA:249,1
DA:250,1
DA:251,1
DA:252,1
DA:253,1
DA:254,2
DA:255,1
LF:255
LH:143
BRDA:17,0,0,8
BRDA:27,1,0,4
BRDA:30,2,0,3
BRDA:31,3,0,3
BRDA:32,4,0,1
BRDA:35,5,0,3
BRDA:38,6,0,1
BRDA:39,7,0,1
BRDA:45,8,0,2
BRDA:48,9,0,1
BRDA:49,10,0,1
BRDA:66,11,0,2
BRDA:74,12,0,1
BRDA:74,13,0,1
BRDA:80,14,0,0
BRDA:83,15,0,0
BRDA:83,16,0,0
BRDA:83,17,0,0
BRDA:130,18,0,1
BRDA:137,19,0,0
BRDA:152,20,0,2
BRDA:159,21,0,1
BRDA:159,22,0,1
BRDA:164,23,0,0
BRDA:164,24,0,0
BRDA:231,25,0,1
BRDA:250,26,0,0
BRDA:19,27,0,8
BRF:28
BRH:20
end_of_record
TN:
SF:src/user-account/user-account.controller.ts
FN:10,UserAccountController
FN:18,create
FN:31,findOne
FN:42,findOneByUserId
FN:53,update
FN:63,remove
FNF:6
FNH:6
FNDA:6,UserAccountController
FNDA:1,create
FNDA:1,findOne
FNDA:1,findOneByUserId
FNDA:1,update
FNDA:1,remove
DA:1,1
DA:2,1
DA:3,1
DA:4,1
DA:5,1
DA:6,1
DA:7,1
DA:8,1
DA:9,1
DA:10,1
DA:11,1
DA:12,1
DA:13,1
DA:14,1
DA:15,1
DA:16,1
DA:17,1
DA:18,1
DA:19,1
DA:20,1
DA:21,1
DA:22,1
DA:23,1
DA:24,1
DA:25,1
DA:26,1
DA:27,1
DA:28,1
DA:29,1
DA:30,1
DA:31,1
DA:32,1
DA:33,1
DA:34,1
DA:35,1
DA:36,1
DA:37,1
DA:38,1
DA:39,1
DA:40,1
DA:41,1
DA:42,1
DA:43,1
DA:44,1
DA:45,1
DA:46,1
DA:47,1
DA:48,1
DA:49,1
DA:50,1
DA:51,1
DA:52,1
DA:53,1
DA:54,1
DA:55,1
DA:56,1
DA:57,1
DA:58,1
DA:59,1
DA:60,1
DA:61,1
DA:62,1
DA:63,1
DA:64,1
DA:65,1
DA:66,1
LF:66
LH:66
BRDA:10,0,0,6
BRDA:18,1,0,1
BRDA:31,2,0,1
BRDA:42,3,0,1
BRDA:53,4,0,1
BRDA:63,5,0,1
BRF:6
BRH:6
end_of_record
TN:
SF:src/user-account/user-account.service.ts
FN:16,UserAccountService
FN:28,create
FN:41,findAll
FN:50,findOne
FN:60,findOneByUserId
FN:71,update
FN:91,updateTotalAmount
FN:119,remove
FNF:8
FNH:8
FNDA:13,UserAccountService
FNDA:1,create
FNDA:1,findAll
FNDA:1,findOne
FNDA:1,findOneByUserId
FNDA:2,update
FNDA:5,updateTotalAmount
FNDA:1,remove
DA:1,1
DA:2,1
DA:3,1
DA:4,1
DA:5,1
DA:6,1
DA:7,1
DA:8,1
DA:9,1
DA:10,1
DA:11,1
DA:12,1
DA:13,1
DA:14,1
DA:15,1
DA:16,1
DA:17,13
DA:18,13
DA:19,13
DA:20,13
DA:21,1
DA:22,1
DA:23,1
DA:24,1
DA:25,1
DA:26,1
DA:27,1
DA:28,1
DA:29,1
DA:30,1
DA:31,1
DA:32,1
DA:33,1
DA:34,1
DA:35,1
DA:36,1
DA:37,1
DA:38,1
DA:39,1
DA:40,1
DA:41,1
DA:42,1
DA:43,1
DA:44,1
DA:45,1
DA:46,1
DA:47,1
DA:48,1
DA:49,1
DA:50,1
DA:51,1
DA:52,1
DA:53,1
DA:54,1
DA:55,1
DA:56,1
DA:57,1
DA:58,1
DA:59,1
DA:60,1
DA:61,1
DA:62,1
DA:63,1
DA:64,1
DA:65,1
DA:66,1
DA:67,1
DA:68,1
DA:69,1
DA:70,1
DA:71,1
DA:72,2
DA:73,2
DA:74,1
DA:75,1
DA:76,1
DA:77,1
DA:78,1
DA:79,1
DA:80,1
DA:81,1
DA:82,1
DA:83,1
DA:84,1
DA:85,1
DA:86,1
DA:87,1
DA:88,1
DA:89,1
DA:90,1
DA:91,1
DA:92,5
DA:93,5
DA:94,5
DA:95,1
DA:96,1
DA:97,4
DA:98,5
DA:99,5
DA:100,5
DA:101,5
DA:102,5
DA:103,4
DA:104,5
DA:105,2
DA:106,2
DA:107,2
DA:108,2
DA:109,2
DA:110,2
DA:111,1
DA:112,1
DA:113,1
DA:114,2
DA:115,4
DA:116,4
DA:117,4
DA:118,1
DA:119,1
DA:120,1
DA:121,1
DA:122,1
LF:122
LH:122
BRDA:16,0,0,13
BRDA:28,1,0,1
BRDA:41,2,0,1
BRDA:50,3,0,1
BRDA:60,4,0,1
BRDA:71,5,0,2
BRDA:73,6,0,1
BRDA:91,7,0,5
BRDA:94,8,0,1
BRDA:97,9,0,4
BRDA:98,10,0,1
BRDA:98,11,0,3
BRDA:103,12,0,4
BRDA:104,13,0,2
BRDA:109,14,0,0
BRDA:111,15,0,1
BRDA:115,16,0,4
BRDA:119,17,0,1
BRF:18
BRH:17
end_of_record
