TN:
SF:actions/auth.actions.ts
FN:3,forgotPasswordAction
FN:17,resetPasswordAction
FNF:2
FNH:2
FNDA:2,forgotPasswordAction
FNDA:2,resetPasswordAction
DA:3,1
DA:4,2
DA:5,2
DA:6,2
DA:7,2
DA:8,2
DA:9,2
DA:10,2
DA:11,2
DA:12,1
DA:13,1
DA:14,1
DA:15,1
DA:17,1
DA:18,2
DA:19,2
DA:20,2
DA:21,2
DA:22,2
DA:23,2
DA:24,2
DA:25,2
DA:26,1
DA:27,1
DA:28,1
DA:29,1
LF:26
LH:26
BRDA:3,0,0,2
BRDA:11,1,0,1
BRDA:17,2,0,2
BRDA:25,3,0,1
BRF:4
BRH:4
end_of_record
TN:
SF:actions/budget.actions.ts
FN:10,createBudget
FN:31,deleteBudget
FN:51,updateBudget
FN:72,updateGlobalBudget
FN:86,revalidateUserBudgetsCache
FNF:5
FNH:5
FNDA:2,createBudget
FNDA:2,deleteBudget
FNDA:2,updateBudget
FNDA:2,updateGlobalBudget
FNDA:5,revalidateUserBudgetsCache
DA:3,1
DA:4,1
DA:8,1
DA:9,1
DA:10,2
DA:11,2
DA:12,2
DA:13,2
DA:14,2
DA:15,2
DA:16,2
DA:17,2
DA:18,2
DA:19,2
DA:20,2
DA:21,2
DA:23,2
DA:24,1
DA:25,1
DA:27,1
DA:28,1
DA:29,1
DA:31,1
DA:33,2
DA:34,2
DA:35,2
DA:36,2
DA:37,2
DA:38,2
DA:39,2
DA:40,2
DA:41,2
DA:42,2
DA:44,2
DA:45,1
DA:46,1
DA:48,1
DA:49,1
DA:50,1
DA:51,1
DA:52,2
DA:53,2
DA:54,2
DA:55,2
DA:56,2
DA:57,2
DA:58,2
DA:59,2
DA:60,2
DA:61,2
DA:62,2
DA:64,2
DA:65,1
DA:66,1
DA:68,1
DA:69,1
DA:70,1
DA:72,1
DA:73,2
DA:74,2
DA:75,2
DA:76,2
DA:77,2
DA:78,2
DA:79,2
DA:80,2
DA:81,1
DA:82,1
DA:83,1
DA:84,1
DA:86,1
DA:87,5
DA:88,5
DA:89,1
DA:90,1
DA:91,4
DA:92,4
DA:93,4
DA:94,4
DA:95,4
DA:96,4
LF:81
LH:81
BRDA:10,0,0,2
BRDA:23,1,0,1
BRDA:23,2,0,1
BRDA:24,3,0,0
BRDA:31,4,0,2
BRDA:44,5,0,1
BRDA:44,6,0,1
BRDA:45,7,0,0
BRDA:51,8,0,2
BRDA:64,9,0,1
BRDA:64,10,0,1
BRDA:72,11,0,2
BRDA:80,12,0,1
BRDA:80,13,0,1
BRDA:81,14,0,0
BRDA:86,15,0,5
BRDA:88,16,0,4
BRDA:88,17,0,1
BRDA:90,18,0,4
BRF:19
BRH:16
end_of_record
TN:
SF:actions/categories.actions.ts
FN:14,fetchCategories
FN:36,getCategories
FN:44,getCategoriesForForm
FN:59,getCategoryById
FN:78,createCategory
FN:121,updateCategory
FN:171,deleteCategory
FN:221,revalidateCategoriesCache
FNF:8
FNH:8
FNDA:3,fetchCategories
FNDA:1,getCategories
FNDA:1,getCategoriesForForm
FNDA:1,getCategoryById
FNDA:1,createCategory
FNDA:1,updateCategory
FNDA:1,deleteCategory
FNDA:1,revalidateCategoriesCache
DA:3,1
DA:4,1
DA:7,1
DA:8,1
DA:14,3
DA:15,3
DA:16,3
DA:17,3
DA:18,3
DA:19,3
DA:20,3
DA:21,3
DA:22,3
DA:23,3
DA:24,3
DA:26,3
DA:27,0
DA:28,0
DA:30,3
DA:31,3
DA:36,1
DA:37,1
DA:38,1
DA:44,1
DA:45,1
DA:46,1
DA:48,1
DA:49,1
DA:50,1
DA:51,1
DA:53,1
DA:54,1
DA:59,1
DA:60,1
DA:61,1
DA:62,1
DA:63,1
DA:64,1
DA:65,1
DA:66,1
DA:67,1
DA:68,1
DA:69,1
DA:71,1
DA:72,0
DA:73,0
DA:75,1
DA:76,1
DA:78,1
DA:79,1
DA:81,1
DA:82,0
DA:83,0
DA:85,1
DA:87,1
DA:88,1
DA:89,1
DA:90,1
DA:91,1
DA:92,1
DA:93,1
DA:94,1
DA:95,1
DA:97,1
DA:98,0
DA:99,0
DA:100,0
DA:101,0
DA:102,0
DA:103,0
DA:104,0
DA:105,0
DA:106,0
DA:107,0
DA:108,0
DA:109,0
DA:111,1
DA:112,1
DA:113,1
DA:115,1
DA:116,0
DA:117,0
DA:118,0
DA:119,1
DA:121,1
DA:122,1
DA:123,1
DA:124,1
DA:126,1
DA:127,0
DA:128,0
DA:130,1
DA:132,1
DA:133,1
DA:134,1
DA:135,1
DA:136,1
DA:137,1
DA:138,1
DA:139,1
DA:140,1
DA:141,1
DA:142,1
DA:143,1
DA:144,1
DA:146,1
DA:147,0
DA:148,0
DA:149,0
DA:150,0
DA:151,0
DA:152,0
DA:153,0
DA:154,0
DA:155,0
DA:156,0
DA:157,0
DA:158,0
DA:160,1
DA:161,1
DA:162,1
DA:163,1
DA:165,1
DA:166,0
DA:167,0
DA:168,0
DA:169,1
DA:171,1
DA:172,1
DA:174,1
DA:175,0
DA:176,0
DA:177,0
DA:178,0
DA:179,0
DA:181,1
DA:183,1
DA:184,1
DA:185,1
DA:186,1
DA:187,1
DA:188,1
DA:189,1
DA:190,1
DA:192,1
DA:193,0
DA:194,0
DA:195,0
DA:196,0
DA:197,0
DA:198,0
DA:199,0
DA:200,0
DA:201,0
DA:202,0
DA:203,0
DA:204,0
DA:206,1
DA:207,1
DA:209,1
DA:210,0
DA:211,0
DA:212,0
DA:213,0
DA:214,0
DA:215,0
DA:216,1
DA:221,1
DA:222,1
DA:223,1
DA:224,1
DA:225,1
DA:227,0
DA:228,0
DA:229,0
DA:230,0
LF:176
LH:111
BRDA:14,0,0,3
BRDA:26,1,0,0
BRDA:36,2,0,1
BRDA:44,3,0,1
BRDA:46,4,0,0
BRDA:48,5,0,1
BRDA:59,6,0,1
BRDA:71,7,0,0
BRDA:78,8,0,1
BRDA:81,9,0,0
BRDA:97,10,0,0
BRDA:115,11,0,0
BRDA:121,12,0,1
BRDA:126,13,0,0
BRDA:146,14,0,0
BRDA:165,15,0,0
BRDA:171,16,0,1
BRDA:174,17,0,0
BRDA:192,18,0,0
BRDA:209,19,0,0
BRDA:221,20,0,1
BRDA:225,21,0,0
BRF:22
BRH:9
end_of_record
TN:
SF:actions/dashboard.actions.ts
FN:20,getDashboardData
FN:48,getBudgetsForUser
FN:67,revalidateUserBudgetsCache
FN:79,revalidateUserDashboardCache
FNF:4
FNH:4
FNDA:2,getDashboardData
FNDA:2,getBudgetsForUser
FNDA:2,revalidateUserBudgetsCache
FNDA:2,revalidateUserDashboardCache
DA:3,1
DA:8,1
DA:9,1
DA:10,1
DA:20,2
DA:21,2
DA:22,2
DA:23,2
DA:24,2
DA:25,2
DA:26,2
DA:27,2
DA:28,2
DA:29,2
DA:30,2
DA:32,2
DA:33,1
DA:34,1
DA:36,1
DA:37,1
DA:48,2
DA:49,2
DA:50,2
DA:51,2
DA:52,2
DA:53,2
DA:54,2
DA:55,2
DA:56,2
DA:57,2
DA:58,2
DA:60,2
DA:61,1
DA:62,1
DA:64,1
DA:65,1
DA:67,2
DA:68,2
DA:69,2
DA:70,1
DA:71,1
DA:72,1
DA:73,1
DA:74,1
DA:75,1
DA:76,1
DA:77,1
DA:79,2
DA:80,2
DA:81,2
DA:82,1
DA:83,1
DA:84,1
DA:85,1
DA:86,1
DA:87,1
DA:88,1
DA:89,1
LF:58
LH:58
BRDA:20,0,0,2
BRDA:32,1,0,1
BRDA:32,2,0,1
BRDA:33,3,0,0
BRDA:48,4,0,2
BRDA:60,5,0,1
BRDA:60,6,0,1
BRDA:61,7,0,0
BRDA:67,8,0,2
BRDA:69,9,0,1
BRDA:69,10,0,1
BRDA:79,11,0,2
BRDA:81,12,0,1
BRDA:81,13,0,1
BRF:14
BRH:12
end_of_record
TN:
SF:actions/notifications.actions.ts
FN:9,getNotifications
FN:28,markAsReadNotifications
FNF:2
FNH:2
FNDA:2,getNotifications
FNDA:2,markAsReadNotifications
DA:6,1
DA:7,1
DA:9,2
DA:10,2
DA:11,2
DA:12,2
DA:13,2
DA:14,2
DA:15,2
DA:16,2
DA:17,2
DA:18,2
DA:19,2
DA:21,2
DA:22,1
DA:23,1
DA:25,1
DA:26,1
DA:28,2
DA:29,2
DA:30,2
DA:31,2
DA:32,2
DA:33,2
DA:34,2
DA:35,2
DA:37,2
DA:38,1
DA:39,1
DA:41,1
DA:43,1
LF:31
LH:31
BRDA:9,0,0,2
BRDA:11,1,0,1
BRDA:13,2,0,1
BRDA:15,3,0,0
BRDA:21,4,0,1
BRDA:21,5,0,1
BRDA:22,6,0,0
BRDA:28,7,0,2
BRDA:37,8,0,1
BRDA:37,9,0,1
BRDA:38,10,0,0
BRF:11
BRH:8
end_of_record
TN:
SF:actions/profile.actions.ts
FN:9,updateProfileAndSession
FN:27,getProfile
FN:50,changePasswordAction
FN:70,revalidateProfileCache
FN:85,completeProfileSetup
FNF:5
FNH:5
FNDA:2,updateProfileAndSession
FNDA:2,getProfile
FNDA:1,changePasswordAction
FNDA:2,revalidateProfileCache
FNDA:2,completeProfileSetup
DA:3,1
DA:5,1
DA:7,1
DA:8,1
DA:9,2
DA:10,2
DA:11,2
DA:12,2
DA:13,2
DA:14,2
DA:15,2
DA:16,2
DA:17,2
DA:18,2
DA:19,2
DA:20,2
DA:21,2
DA:22,1
DA:23,1
DA:24,1
DA:25,1
DA:27,2
DA:28,2
DA:29,2
DA:30,2
DA:31,2
DA:32,2
DA:33,2
DA:34,2
DA:35,2
DA:36,2
DA:37,2
DA:38,2
DA:39,1
DA:40,1
DA:41,1
DA:42,1
DA:50,1
DA:51,1
DA:52,1
DA:53,1
DA:54,1
DA:55,1
DA:56,1
DA:57,1
DA:58,1
DA:59,1
DA:60,1
DA:61,1
DA:62,1
DA:63,0
DA:64,0
DA:65,1
DA:66,1
DA:70,2
DA:71,2
DA:72,2
DA:73,1
DA:74,1
DA:75,1
DA:76,1
DA:77,1
DA:78,1
DA:79,1
DA:80,1
DA:85,2
DA:90,2
DA:91,2
DA:92,2
DA:93,2
DA:94,2
DA:95,2
DA:96,2
DA:97,2
DA:98,2
DA:99,2
DA:100,2
DA:101,2
DA:102,2
DA:104,2
DA:105,1
DA:106,1
DA:109,1
DA:112,1
DA:113,1
LF:85
LH:83
BRDA:9,0,0,2
BRDA:21,1,0,1
BRDA:21,2,0,1
BRDA:22,3,0,0
BRDA:27,4,0,2
BRDA:38,5,0,1
BRDA:38,6,0,1
BRDA:39,7,0,0
BRDA:50,8,0,1
BRDA:62,9,0,0
BRDA:70,10,0,2
BRDA:72,11,0,1
BRDA:72,12,0,1
BRDA:85,13,0,2
BRDA:104,14,0,1
BRDA:104,15,0,1
BRDA:105,16,0,0
BRF:17
BRH:13
end_of_record
TN:
SF:actions/transactions.actions.ts
FN:14,getTransactionsForUser
FN:63,revalidateUserTransactionsCache
FN:81,createTransaction
FN:100,deleteTransaction
FN:127,updateTransaction
FN:153,stopRecurringTransaction
FNF:6
FNH:6
FNDA:3,getTransactionsForUser
FNDA:5,revalidateUserTransactionsCache
FNDA:2,createTransaction
FNDA:2,deleteTransaction
FNDA:2,updateTransaction
FNDA:2,stopRecurringTransaction
DA:3,1
DA:5,1
DA:7,1
DA:9,1
DA:14,3
DA:15,3
DA:16,3
DA:17,3
DA:18,3
DA:19,3
DA:20,1
DA:21,1
DA:23,2
DA:24,2
DA:25,3
DA:26,2
DA:28,3
DA:30,3
DA:31,3
DA:32,3
DA:33,3
DA:34,3
DA:35,3
DA:36,3
DA:37,3
DA:38,3
DA:39,3
DA:41,3
DA:42,1
DA:43,1
DA:46,1
DA:47,1
DA:48,1
DA:49,1
DA:50,1
DA:51,1
DA:52,1
DA:53,1
DA:56,1
DA:57,1
DA:63,5
DA:64,5
DA:65,5
DA:66,1
DA:67,1
DA:68,4
DA:69,4
DA:70,4
DA:71,4
DA:72,4
DA:73,4
DA:81,2
DA:82,2
DA:83,2
DA:84,2
DA:85,2
DA:86,2
DA:87,2
DA:88,2
DA:90,2
DA:91,1
DA:92,1
DA:94,1
DA:95,1
DA:96,1
DA:97,1
DA:100,2
DA:101,2
DA:102,2
DA:103,2
DA:104,2
DA:105,2
DA:107,2
DA:108,2
DA:109,2
DA:110,2
DA:112,2
DA:113,1
DA:114,1
DA:117,1
DA:118,1
DA:119,1
DA:127,2
DA:128,2
DA:129,2
DA:130,2
DA:131,2
DA:132,2
DA:133,2
DA:134,2
DA:135,2
DA:136,2
DA:137,2
DA:138,2
DA:140,2
DA:141,1
DA:142,1
DA:144,1
DA:145,1
DA:146,1
DA:153,2
DA:154,2
DA:155,2
DA:156,2
DA:157,2
DA:158,2
DA:159,2
DA:160,2
DA:161,2
DA:163,2
DA:164,1
DA:165,1
DA:166,1
DA:168,1
DA:169,1
DA:170,1
DA:171,2
DA:172,0
DA:173,0
DA:174,0
DA:175,2
LF:121
LH:118
BRDA:14,0,0,3
BRDA:19,1,0,2
BRDA:19,2,0,1
BRDA:21,3,0,2
BRDA:25,4,0,1
BRDA:25,5,0,2
BRDA:28,6,0,0
BRDA:39,7,0,2
BRDA:41,8,0,1
BRDA:41,9,0,1
BRDA:42,10,0,0
BRDA:46,11,0,1
BRDA:51,12,0,0
BRDA:52,13,0,0
BRDA:63,14,0,5
BRDA:65,15,0,4
BRDA:65,16,0,1
BRDA:67,17,0,4
BRDA:81,18,0,2
BRDA:90,19,0,1
BRDA:90,20,0,1
BRDA:91,21,0,0
BRDA:100,22,0,2
BRDA:112,23,0,1
BRDA:113,24,0,0
BRDA:127,25,0,2
BRDA:140,26,0,1
BRDA:140,27,0,1
BRDA:153,28,0,2
BRDA:163,29,0,1
BRDA:165,30,0,0
BRDA:171,31,0,0
BRF:32
BRH:24
end_of_record
